$$$ exec p2 : [filler/acorbeau.filler]
Parse OK !
Parsing map...
Map parsed !
.................
.................
.................
.................
.................
.................
.................
.................
.OO..............
.................
.................
.................
..............X..
.................
.................
Parse OK !
Parsing piece...
Piece parsed !
**.
Parse OK !
Looking fors place ...
Put piece ...
Failed to get next line !
$$$ exec p2 : [filler/acorbeau.filler]
Parse OK !
Parsing map...
Map parsed !
.................
.................
.................
.................
.................
.................
.................
.................
OOO..............
.................
.................
.................
..............X..
.................
.................
Parse OK !
Parsing piece...
Piece parsed !
**.
.*.
Parse OK !
Looking fors place ...
Put piece ...
Failed to get next line !
